# JRE version: Java(TM) SE Runtime Environment (7.0_55-b13) (build 1.7.0_55-b13)
# Java VM: Java HotSpot(TM) 64-Bit Server VM (24.55-b03 mixed mode linux-amd64 compressed oops)
Heap
 PSYoungGen      total 124928K, used 84954K [0x00000000f5500000, 0x0000000100000000, 0x0000000100000000)
  eden space 91136K, 56% used [0x00000000f5500000,0x00000000f87305b8,0x00000000fae00000)
  from space 33792K, 99% used [0x00000000fae00000,0x00000000fcec6548,0x00000000fcf00000)
  to   space 44544K, 0% used [0x00000000fd480000,0x00000000fd480000,0x0000000100000000)
 ParOldGen       total 75264K, used 41638K [0x00000000e0000000, 0x00000000e4980000, 0x00000000f5500000)
  object space 75264K, 55% used [0x00000000e0000000,0x00000000e28a9820,0x00000000e4980000)
 PSPermGen       total 91648K, used 73239K [0x00000000d0000000, 0x00000000d5980000, 0x00000000e0000000)
  object space 91648K, 79% used [0x00000000d0000000,0x00000000d4785dd8,0x00000000d5980000)
GC Heap History (10 events):
Event: 20.231 GC heap before
{Heap before GC invocations=19 (full 2):
 PSYoungGen      total 147968K, used 140818K [0x00000000f5500000, 0x0000000100000000, 0x0000000100000000)
  eden space 121856K, 100% used [0x00000000f5500000,0x00000000fcc00000,0x00000000fcc00000)
  from space 26112K, 72% used [0x00000000fe680000,0x00000000ff904b18,0x0000000100000000)
  to   space 26624K, 0% used [0x00000000fcc00000,0x00000000fcc00000,0x00000000fe600000)
 ParOldGen       total 75264K, used 35214K [0x00000000e0000000, 0x00000000e4980000, 0x00000000f5500000)
  object space 75264K, 46% used [0x00000000e0000000,0x00000000e2263bb0,0x00000000e4980000)
 PSPermGen       total 91648K, used 71451K [0x00000000d0000000, 0x00000000d5980000, 0x00000000e0000000)
  object space 91648K, 77% used [0x00000000d0000000,0x00000000d45c6e98,0x00000000d5980000)
Event: 20.264 GC heap after
Heap after GC invocations=19 (full 2):
 PSYoungGen      total 145408K, used 23432K [0x00000000f5500000, 0x0000000100000000, 0x0000000100000000)
  eden space 121856K, 0% used [0x00000000f5500000,0x00000000f5500000,0x00000000fcc00000)
  from space 23552K, 99% used [0x00000000fcc00000,0x00000000fe2e2160,0x00000000fe300000)
  to   space 29184K, 0% used [0x00000000fe380000,0x00000000fe380000,0x0000000100000000)
 ParOldGen       total 75264K, used 35214K [0x00000000e0000000, 0x00000000e4980000, 0x00000000f5500000)
  object space 75264K, 46% used [0x00000000e0000000,0x00000000e2263bb0,0x00000000e4980000)
 PSPermGen       total 91648K, used 71451K [0x00000000d0000000, 0x00000000d5980000, 0x00000000e0000000)
  object space 91648K, 77% used [0x00000000d0000000,0x00000000d45c6e98,0x00000000d5980000)
}
Event: 20.938 GC heap before
{Heap before GC invocations=20 (full 2):
 PSYoungGen      total 145408K, used 145230K [0x00000000f5500000, 0x0000000100000000, 0x0000000100000000)
  eden space 121856K, 99% used [0x00000000f5500000,0x00000000fcbf1a30,0x00000000fcc00000)
  from space 23552K, 99% used [0x00000000fcc00000,0x00000000fe2e2160,0x00000000fe300000)
  to   space 29184K, 0% used [0x00000000fe380000,0x00000000fe380000,0x0000000100000000)
 ParOldGen       total 75264K, used 35214K [0x00000000e0000000, 0x00000000e4980000, 0x00000000f5500000)
  object space 75264K, 46% used [0x00000000e0000000,0x00000000e2263bb0,0x00000000e4980000)
 PSPermGen       total 91648K, used 71858K [0x00000000d0000000, 0x00000000d5980000, 0x00000000e0000000)
  object space 91648K, 78% used [0x00000000d0000000,0x00000000d462cbb8,0x00000000d5980000)
Event: 20.986 GC heap after
Heap after GC invocations=20 (full 2):
 PSYoungGen      total 138752K, used 28421K [0x00000000f5500000, 0x0000000100000000, 0x0000000100000000)
  eden space 109568K, 0% used [0x00000000f5500000,0x00000000f5500000,0x00000000fc000000)
  from space 29184K, 97% used [0x00000000fe380000,0x00000000fff41450,0x0000000100000000)
  to   space 32768K, 0% used [0x00000000fc000000,0x00000000fc000000,0x00000000fe000000)
 ParOldGen       total 75264K, used 35214K [0x00000000e0000000, 0x00000000e4980000, 0x00000000f5500000)
  object space 75264K, 46% used [0x00000000e0000000,0x00000000e2263bb0,0x00000000e4980000)
 PSPermGen       total 91648K, used 71858K [0x00000000d0000000, 0x00000000d5980000, 0x00000000e0000000)
  object space 91648K, 78% used [0x00000000d0000000,0x00000000d462cbb8,0x00000000d5980000)
}
Event: 21.442 GC heap before
{Heap before GC invocations=21 (full 2):
 PSYoungGen      total 138752K, used 137989K [0x00000000f5500000, 0x0000000100000000, 0x0000000100000000)
  eden space 109568K, 100% used [0x00000000f5500000,0x00000000fc000000,0x00000000fc000000)
  from space 29184K, 97% used [0x00000000fe380000,0x00000000fff41450,0x0000000100000000)
  to   space 32768K, 0% used [0x00000000fc000000,0x00000000fc000000,0x00000000fe000000)
 ParOldGen       total 75264K, used 35214K [0x00000000e0000000, 0x00000000e4980000, 0x00000000f5500000)
  object space 75264K, 46% used [0x00000000e0000000,0x00000000e2263bb0,0x00000000e4980000)
 PSPermGen       total 91648K, used 72040K [0x00000000d0000000, 0x00000000d5980000, 0x00000000e0000000)
  object space 91648K, 78% used [0x00000000d0000000,0x00000000d465a2d0,0x00000000d5980000)
Event: 21.484 GC heap after
Heap after GC invocations=21 (full 2):
 PSYoungGen      total 142336K, used 32408K [0x00000000f5500000, 0x0000000100000000, 0x0000000100000000)
  eden space 109568K, 0% used [0x00000000f5500000,0x00000000f5500000,0x00000000fc000000)
  from space 32768K, 98% used [0x00000000fc000000,0x00000000fdfa60d0,0x00000000fe000000)
  to   space 32768K, 0% used [0x00000000fe000000,0x00000000fe000000,0x0000000100000000)
 ParOldGen       total 75264K, used 35214K [0x00000000e0000000, 0x00000000e4980000, 0x00000000f5500000)
  object space 75264K, 46% used [0x00000000e0000000,0x00000000e2263bb0,0x00000000e4980000)
 PSPermGen       total 91648K, used 72040K [0x00000000d0000000, 0x00000000d5980000, 0x00000000e0000000)
  object space 91648K, 78% used [0x00000000d0000000,0x00000000d465a2d0,0x00000000d5980000)
}
Event: 21.903 GC heap before
{Heap before GC invocations=22 (full 2):
 PSYoungGen      total 142336K, used 141976K [0x00000000f5500000, 0x0000000100000000, 0x0000000100000000)
  eden space 109568K, 100% used [0x00000000f5500000,0x00000000fc000000,0x00000000fc000000)
  from space 32768K, 98% used [0x00000000fc000000,0x00000000fdfa60d0,0x00000000fe000000)
  to   space 32768K, 0% used [0x00000000fe000000,0x00000000fe000000,0x0000000100000000)
 ParOldGen       total 75264K, used 35214K [0x00000000e0000000, 0x00000000e4980000, 0x00000000f5500000)
  object space 75264K, 46% used [0x00000000e0000000,0x00000000e2263bb0,0x00000000e4980000)
 PSPermGen       total 91648K, used 72085K [0x00000000d0000000, 0x00000000d5980000, 0x00000000e0000000)
  object space 91648K, 78% used [0x00000000d0000000,0x00000000d4665668,0x00000000d5980000)
Event: 21.952 GC heap after
Heap after GC invocations=22 (full 2):
 PSYoungGen      total 123904K, used 32753K [0x00000000f5500000, 0x0000000100000000, 0x0000000100000000)
  eden space 91136K, 0% used [0x00000000f5500000,0x00000000f5500000,0x00000000fae00000)
  from space 32768K, 99% used [0x00000000fe000000,0x00000000ffffc7d0,0x0000000100000000)
  to   space 41984K, 0% used [0x00000000fae00000,0x00000000fae00000,0x00000000fd700000)
 ParOldGen       total 75264K, used 37547K [0x00000000e0000000, 0x00000000e4980000, 0x00000000f5500000)
  object space 75264K, 49% used [0x00000000e0000000,0x00000000e24aafc8,0x00000000e4980000)
 PSPermGen       total 91648K, used 72085K [0x00000000d0000000, 0x00000000d5980000, 0x00000000e0000000)
  object space 91648K, 78% used [0x00000000d0000000,0x00000000d4665668,0x00000000d5980000)
}
Event: 22.694 GC heap before
{Heap before GC invocations=23 (full 2):
 PSYoungGen      total 123904K, used 123889K [0x00000000f5500000, 0x0000000100000000, 0x0000000100000000)
  eden space 91136K, 100% used [0x00000000f5500000,0x00000000fae00000,0x00000000fae00000)
  from space 32768K, 99% used [0x00000000fe000000,0x00000000ffffc7d0,0x0000000100000000)
  to   space 41984K, 0% used [0x00000000fae00000,0x00000000fae00000,0x00000000fd700000)
 ParOldGen       total 75264K, used 37547K [0x00000000e0000000, 0x00000000e4980000, 0x00000000f5500000)
  object space 75264K, 49% used [0x00000000e0000000,0x00000000e24aafc8,0x00000000e4980000)
 PSPermGen       total 91648K, used 72100K [0x00000000d0000000, 0x00000000d5980000, 0x00000000e0000000)
  object space 91648K, 78% used [0x00000000d0000000,0x00000000d4669100,0x00000000d5980000)
Event: 22.749 GC heap after
Heap after GC invocations=23 (full 2):
 PSYoungGen      total 124928K, used 33561K [0x00000000f5500000, 0x0000000100000000, 0x0000000100000000)
  eden space 91136K, 0% used [0x00000000f5500000,0x00000000f5500000,0x00000000fae00000)
  from space 33792K, 99% used [0x00000000fae00000,0x00000000fcec6548,0x00000000fcf00000)
  to   space 44544K, 0% used [0x00000000fd480000,0x00000000fd480000,0x0000000100000000)
 ParOldGen       total 75264K, used 41638K [0x00000000e0000000, 0x00000000e4980000, 0x00000000f5500000)
  object space 75264K, 55% used [0x00000000e0000000,0x00000000e28a9820,0x00000000e4980000)
 PSPermGen       total 91648K, used 72100K [0x00000000d0000000, 0x00000000d5980000, 0x00000000e0000000)
  object space 91648K, 78% used [0x00000000d0000000,0x00000000d4669100,0x00000000d5980000)
}

