# JRE version: Java(TM) SE Runtime Environment (7.0_55-b13) (build 1.7.0_55-b13)
# Java VM: Java HotSpot(TM) 64-Bit Server VM (24.55-b03 mixed mode linux-amd64 compressed oops)
Heap
 PSYoungGen      total 139776K, used 75747K [0x00000000f5500000, 0x0000000100000000, 0x0000000100000000)
  eden space 109568K, 41% used [0x00000000f5500000,0x00000000f819e5a8,0x00000000fc000000)
  from space 30208K, 99% used [0x00000000fc000000,0x00000000fdd5a9b0,0x00000000fdd80000)
  to   space 35328K, 0% used [0x00000000fdd80000,0x00000000fdd80000,0x0000000100000000)
 ParOldGen       total 83456K, used 42411K [0x00000000e0000000, 0x00000000e5180000, 0x00000000f5500000)
  object space 83456K, 50% used [0x00000000e0000000,0x00000000e296add0,0x00000000e5180000)
 PSPermGen       total 122368K, used 70202K [0x00000000d0000000, 0x00000000d7780000, 0x00000000e0000000)
  object space 122368K, 57% used [0x00000000d0000000,0x00000000d448eac0,0x00000000d7780000)
GC Heap History (10 events):
Event: 13.999 GC heap before
{Heap before GC invocations=15 (full 2):
 PSYoungGen      total 118272K, used 86016K [0x00000000f5500000, 0x00000000fe900000, 0x0000000100000000)
  eden space 86016K, 100% used [0x00000000f5500000,0x00000000fa900000,0x00000000fa900000)
  from space 32256K, 0% used [0x00000000fc900000,0x00000000fc900000,0x00000000fe880000)
  to   space 32768K, 0% used [0x00000000fa900000,0x00000000fa900000,0x00000000fc900000)
 ParOldGen       total 83456K, used 42411K [0x00000000e0000000, 0x00000000e5180000, 0x00000000f5500000)
  object space 83456K, 50% used [0x00000000e0000000,0x00000000e296add0,0x00000000e5180000)
 PSPermGen       total 122368K, used 68413K [0x00000000d0000000, 0x00000000d7780000, 0x00000000e0000000)
  object space 122368K, 55% used [0x00000000d0000000,0x00000000d42cf660,0x00000000d7780000)
Event: 14.013 GC heap after
Heap after GC invocations=15 (full 2):
 PSYoungGen      total 118784K, used 6416K [0x00000000f5500000, 0x00000000ffb00000, 0x0000000100000000)
  eden space 86016K, 0% used [0x00000000f5500000,0x00000000f5500000,0x00000000fa900000)
  from space 32768K, 19% used [0x00000000fa900000,0x00000000faf440e8,0x00000000fc900000)
  to   space 31744K, 0% used [0x00000000fdc00000,0x00000000fdc00000,0x00000000ffb00000)
 ParOldGen       total 83456K, used 42411K [0x00000000e0000000, 0x00000000e5180000, 0x00000000f5500000)
  object space 83456K, 50% used [0x00000000e0000000,0x00000000e296add0,0x00000000e5180000)
 PSPermGen       total 122368K, used 68413K [0x00000000d0000000, 0x00000000d7780000, 0x00000000e0000000)
  object space 122368K, 55% used [0x00000000d0000000,0x00000000d42cf660,0x00000000d7780000)
}
Event: 14.811 GC heap before
{Heap before GC invocations=16 (full 2):
 PSYoungGen      total 118784K, used 92432K [0x00000000f5500000, 0x00000000ffb00000, 0x0000000100000000)
  eden space 86016K, 100% used [0x00000000f5500000,0x00000000fa900000,0x00000000fa900000)
  from space 32768K, 19% used [0x00000000fa900000,0x00000000faf440e8,0x00000000fc900000)
  to   space 31744K, 0% used [0x00000000fdc00000,0x00000000fdc00000,0x00000000ffb00000)
 ParOldGen       total 83456K, used 42411K [0x00000000e0000000, 0x00000000e5180000, 0x00000000f5500000)
  object space 83456K, 50% used [0x00000000e0000000,0x00000000e296add0,0x00000000e5180000)
 PSPermGen       total 122368K, used 68860K [0x00000000d0000000, 0x00000000d7780000, 0x00000000e0000000)
  object space 122368K, 56% used [0x00000000d0000000,0x00000000d433f270,0x00000000d7780000)
Event: 14.839 GC heap after
Heap after GC invocations=16 (full 2):
 PSYoungGen      total 138752K, used 10679K [0x00000000f5500000, 0x00000000ffa80000, 0x0000000100000000)
  eden space 107520K, 0% used [0x00000000f5500000,0x00000000f5500000,0x00000000fbe00000)
  from space 31232K, 34% used [0x00000000fdc00000,0x00000000fe66de40,0x00000000ffa80000)
  to   space 30720K, 0% used [0x00000000fbe00000,0x00000000fbe00000,0x00000000fdc00000)
 ParOldGen       total 83456K, used 42411K [0x00000000e0000000, 0x00000000e5180000, 0x00000000f5500000)
  object space 83456K, 50% used [0x00000000e0000000,0x00000000e296add0,0x00000000e5180000)
 PSPermGen       total 122368K, used 68860K [0x00000000d0000000, 0x00000000d7780000, 0x00000000e0000000)
  object space 122368K, 56% used [0x00000000d0000000,0x00000000d433f270,0x00000000d7780000)
}
Event: 15.434 GC heap before
{Heap before GC invocations=17 (full 2):
 PSYoungGen      total 138752K, used 118199K [0x00000000f5500000, 0x00000000ffa80000, 0x0000000100000000)
  eden space 107520K, 100% used [0x00000000f5500000,0x00000000fbe00000,0x00000000fbe00000)
  from space 31232K, 34% used [0x00000000fdc00000,0x00000000fe66de40,0x00000000ffa80000)
  to   space 30720K, 0% used [0x00000000fbe00000,0x00000000fbe00000,0x00000000fdc00000)
 ParOldGen       total 83456K, used 42411K [0x00000000e0000000, 0x00000000e5180000, 0x00000000f5500000)
  object space 83456K, 50% used [0x00000000e0000000,0x00000000e296add0,0x00000000e5180000)
 PSPermGen       total 122368K, used 68897K [0x00000000d0000000, 0x00000000d7780000, 0x00000000e0000000)
  object space 122368K, 56% used [0x00000000d0000000,0x00000000d43487b8,0x00000000d7780000)
Event: 15.456 GC heap after
Heap after GC invocations=17 (full 2):
 PSYoungGen      total 138240K, used 16420K [0x00000000f5500000, 0x00000000ffe80000, 0x0000000100000000)
  eden space 107520K, 0% used [0x00000000f5500000,0x00000000f5500000,0x00000000fbe00000)
  from space 30720K, 53% used [0x00000000fbe00000,0x00000000fce09238,0x00000000fdc00000)
  to   space 30208K, 0% used [0x00000000fe100000,0x00000000fe100000,0x00000000ffe80000)
 ParOldGen       total 83456K, used 42411K [0x00000000e0000000, 0x00000000e5180000, 0x00000000f5500000)
  object space 83456K, 50% used [0x00000000e0000000,0x00000000e296add0,0x00000000e5180000)
 PSPermGen       total 122368K, used 68897K [0x00000000d0000000, 0x00000000d7780000, 0x00000000e0000000)
  object space 122368K, 56% used [0x00000000d0000000,0x00000000d43487b8,0x00000000d7780000)
}
Event: 15.948 GC heap before
{Heap before GC invocations=18 (full 2):
 PSYoungGen      total 138240K, used 123940K [0x00000000f5500000, 0x00000000ffe80000, 0x0000000100000000)
  eden space 107520K, 100% used [0x00000000f5500000,0x00000000fbe00000,0x00000000fbe00000)
  from space 30720K, 53% used [0x00000000fbe00000,0x00000000fce09238,0x00000000fdc00000)
  to   space 30208K, 0% used [0x00000000fe100000,0x00000000fe100000,0x00000000ffe80000)
 ParOldGen       total 83456K, used 42411K [0x00000000e0000000, 0x00000000e5180000, 0x00000000f5500000)
  object space 83456K, 50% used [0x00000000e0000000,0x00000000e296add0,0x00000000e5180000)
 PSPermGen       total 122368K, used 68910K [0x00000000d0000000, 0x00000000d7780000, 0x00000000e0000000)
  object space 122368K, 56% used [0x00000000d0000000,0x00000000d434baa8,0x00000000d7780000)
Event: 15.975 GC heap after
Heap after GC invocations=18 (full 2):
 PSYoungGen      total 139776K, used 25244K [0x00000000f5500000, 0x0000000100000000, 0x0000000100000000)
  eden space 109568K, 0% used [0x00000000f5500000,0x00000000f5500000,0x00000000fc000000)
  from space 30208K, 83% used [0x00000000fe100000,0x00000000ff9a7348,0x00000000ffe80000)
  to   space 32768K, 0% used [0x00000000fc000000,0x00000000fc000000,0x00000000fe000000)
 ParOldGen       total 83456K, used 42411K [0x00000000e0000000, 0x00000000e5180000, 0x00000000f5500000)
  object space 83456K, 50% used [0x00000000e0000000,0x00000000e296add0,0x00000000e5180000)
 PSPermGen       total 122368K, used 68910K [0x00000000d0000000, 0x00000000d7780000, 0x00000000e0000000)
  object space 122368K, 56% used [0x00000000d0000000,0x00000000d434baa8,0x00000000d7780000)
}
Event: 32.030 GC heap before
{Heap before GC invocations=19 (full 2):
 PSYoungGen      total 139776K, used 134812K [0x00000000f5500000, 0x0000000100000000, 0x0000000100000000)
  eden space 109568K, 100% used [0x00000000f5500000,0x00000000fc000000,0x00000000fc000000)
  from space 30208K, 83% used [0x00000000fe100000,0x00000000ff9a7348,0x00000000ffe80000)
  to   space 32768K, 0% used [0x00000000fc000000,0x00000000fc000000,0x00000000fe000000)
 ParOldGen       total 83456K, used 42411K [0x00000000e0000000, 0x00000000e5180000, 0x00000000f5500000)
  object space 83456K, 50% used [0x00000000e0000000,0x00000000e296add0,0x00000000e5180000)
 PSPermGen       total 122368K, used 69308K [0x00000000d0000000, 0x00000000d7780000, 0x00000000e0000000)
  object space 122368K, 56% used [0x00000000d0000000,0x00000000d43af2b0,0x00000000d7780000)
Event: 32.080 GC heap after
Heap after GC invocations=19 (full 2):
 PSYoungGen      total 139776K, used 30058K [0x00000000f5500000, 0x0000000100000000, 0x0000000100000000)
  eden space 109568K, 0% used [0x00000000f5500000,0x00000000f5500000,0x00000000fc000000)
  from space 30208K, 99% used [0x00000000fc000000,0x00000000fdd5a9b0,0x00000000fdd80000)
  to   space 35328K, 0% used [0x00000000fdd80000,0x00000000fdd80000,0x0000000100000000)
 ParOldGen       total 83456K, used 42411K [0x00000000e0000000, 0x00000000e5180000, 0x00000000f5500000)
  object space 83456K, 50% used [0x00000000e0000000,0x00000000e296add0,0x00000000e5180000)
 PSPermGen       total 122368K, used 69308K [0x00000000d0000000, 0x00000000d7780000, 0x00000000e0000000)
  object space 122368K, 56% used [0x00000000d0000000,0x00000000d43af2b0,0x00000000d7780000)
}

